
Jul 27, 2020 08:26:53.828 NEW SESSION
Jul 27, 2020 08:26:53.828 [13712:6332:0727/082653.825:ERROR:connection_factory_impl.cc(420)] Failed to connect to MCS endpoint with error -106
Jul 27, 2020 08:26:57.886 [13712:296:0727/082657.886:ERROR:account_info_fetcher.cc(60)] OnGetTokenFailure: Request canceled.
Jul 27, 2020 08:26:57.907 [13712:296:0727/082657.886:ERROR:account_info_fetcher.cc(60)] OnGetTokenFailure: Request canceled.

Oct 19, 2020 16:17:23.83 NEW SESSION
Oct 19, 2020 16:17:23.83 [8648:2676:1019/161723.082:ERROR:edge_auth_errors.cc(376)] EDGE_IDENTITY: Token fetch failure: account_type: MSA, scope: service::http://Passport.NET/purpose::PURPOSE_GETKEYDATA_ANAHEIM: Error: Primary Error: kTokenRequestFailed, Secondary Error: kTokenFetchUserInteractionRequired, Platform error: -2147023665, hex:800704cf, Error string: Error code: 0x800704cf, error message:Error
Oct 19, 2020 16:17:23.98 
Oct 19, 2020 16:17:24.626 [8648:2676:1019/161724.625:ERROR:edge_auth_errors.cc(376)] EDGE_IDENTITY: Token fetch failure: account_type: MSA, scope: service::http://Passport.NET/purpose::PURPOSE_GETKEYDATA_ANAHEIM: Error: Primary Error: kTokenRequestFailed, Secondary Error: kTokenFetchUserInteractionRequired, Platform error: -2147023665, hex:800704cf, Error string: Error code: 0x800704cf, error message:Error
Oct 19, 2020 16:17:24.642 
Oct 19, 2020 16:17:27.170 [8648:2676:1019/161727.170:ERROR:edge_auth_errors.cc(376)] EDGE_IDENTITY: Token fetch failure: account_type: MSA, scope: service::http://Passport.NET/purpose::PURPOSE_GETKEYDATA_ANAHEIM: Error: Primary Error: kTokenRequestFailed, Secondary Error: kTokenFetchUserInteractionRequired, Platform error: -2147023665, hex:800704cf, Error string: Error code: 0x800704cf, error message:Error
Oct 19, 2020 16:17:27.178 
Oct 19, 2020 16:17:31.997 [8648:2676:1019/161731.997:ERROR:edge_auth_errors.cc(376)] EDGE_IDENTITY: Token fetch failure: account_type: MSA, scope: service::http://Passport.NET/purpose::PURPOSE_GETKEYDATA_ANAHEIM: Error: Primary Error: kTokenRequestFailed, Secondary Error: kTokenFetchUserInteractionRequired, Platform error: -2147023665, hex:800704cf, Error string: Error code: 0x800704cf, error message:Error
Oct 19, 2020 16:17:32.11 
Oct 19, 2020 16:17:40.906 [8648:2676:1019/161740.906:ERROR:edge_auth_errors.cc(376)] EDGE_IDENTITY: Token fetch failure: account_type: MSA, scope: service::http://Passport.NET/purpose::PURPOSE_GETKEYDATA_ANAHEIM: Error: Primary Error: kTokenRequestFailed, Secondary Error: kTokenFetchUserInteractionRequired, Platform error: -2147023665, hex:800704cf, Error string: Error code: 0x800704cf, error message:Error
Oct 19, 2020 16:17:40.929 
Oct 19, 2020 16:17:57.683 [8648:2676:1019/161757.682:ERROR:edge_auth_errors.cc(376)] EDGE_IDENTITY: Token fetch failure: account_type: MSA, scope: service::http://Passport.NET/purpose::PURPOSE_GETKEYDATA_ANAHEIM: Error: Primary Error: kTokenRequestFailed, Secondary Error: kTokenFetchUserInteractionRequired, Platform error: -2147023665, hex:800704cf, Error string: Error code: 0x800704cf, error message:Error
Oct 19, 2020 16:17:57.712 
Oct 19, 2020 16:17:59.628 [8648:2676:1019/161759.628:ERROR:edge_auth_errors.cc(376)] EDGE_IDENTITY: Token fetch failure: account_type: MSA, scope: service::http://Passport.NET/purpose::PURPOSE_GETKEYDATA_ANAHEIM: Error: Primary Error: kTokenRequestFailed, Secondary Error: kTokenFetchUserInteractionRequired, Platform error: -2147023665, hex:800704cf, Error string: Error code: 0x800704cf, error message:Error
Oct 19, 2020 16:17:59.668 
Oct 19, 2020 16:18:01.264 [8648:2676:1019/161801.263:ERROR:edge_auth_errors.cc(376)] EDGE_IDENTITY: Token fetch failure: account_type: MSA, scope: service::http://Passport.NET/purpose::PURPOSE_GETKEYDATA_ANAHEIM: Error: Primary Error: kTokenRequestFailed, Secondary Error: kTokenFetchUserInteractionRequired, Platform error: -2147023665, hex:800704cf, Error string: Error code: 0x800704cf, error message:Error
Oct 19, 2020 16:18:01.291 
Oct 19, 2020 16:18:03.470 [8648:2676:1019/161803.469:ERROR:edge_auth_errors.cc(376)] EDGE_IDENTITY: Token fetch failure: account_type: MSA, scope: service::http://Passport.NET/purpose::PURPOSE_GETKEYDATA_ANAHEIM: Error: Primary Error: kTokenRequestFailed, Secondary Error: kTokenFetchUserInteractionRequired, Platform error: -2147023665, hex:800704cf, Error string: Error code: 0x800704cf, error message:Error
Oct 19, 2020 16:18:03.495 
Oct 19, 2020 16:18:08.10 [8648:2676:1019/161808.009:ERROR:edge_auth_errors.cc(376)] EDGE_IDENTITY: Token fetch failure: account_type: MSA, scope: service::http://Passport.NET/purpose::PURPOSE_GETKEYDATA_ANAHEIM: Error: Primary Error: kTokenRequestFailed, Secondary Error: kTokenFetchUserInteractionRequired, Platform error: -2147023665, hex:800704cf, Error string: Error code: 0x800704cf, error message:Error
Oct 19, 2020 16:18:08.38 
Oct 19, 2020 16:18:16.813 [8648:2676:1019/161816.812:ERROR:edge_auth_errors.cc(376)] EDGE_IDENTITY: Token fetch failure: account_type: MSA, scope: service::http://Passport.NET/purpose::PURPOSE_GETKEYDATA_ANAHEIM: Error: Primary Error: kTokenRequestFailed, Secondary Error: kTokenFetchUserInteractionRequired, Platform error: -2147023665, hex:800704cf, Error string: Error code: 0x800704cf, error message:Error
Oct 19, 2020 16:18:16.859 
Oct 19, 2020 16:18:33.489 [8648:2676:1019/161833.489:ERROR:edge_auth_errors.cc(376)] EDGE_IDENTITY: Token fetch failure: account_type: MSA, scope: service::http://Passport.NET/purpose::PURPOSE_GETKEYDATA_ANAHEIM: Error: Primary Error: kTokenRequestFailed, Secondary Error: kTokenFetchUserInteractionRequired, Platform error: -2147023665, hex:800704cf, Error string: Error code: 0x800704cf, error message:Error
Oct 19, 2020 16:18:33.499 
Oct 19, 2020 16:18:37.549 [8648:2676:1019/161837.549:ERROR:edge_auth_errors.cc(376)] EDGE_IDENTITY: Token fetch failure: account_type: MSA, scope: service::http://Passport.NET/purpose::PURPOSE_GETKEYDATA_ANAHEIM: Error: Primary Error: kTokenRequestFailed, Secondary Error: kTokenFetchUserInteractionRequired, Platform error: -2147023665, hex:800704cf, Error string: Error code: 0x800704cf, error message:Error
Oct 19, 2020 16:18:37.562 
Oct 19, 2020 16:18:39.647 [8648:2676:1019/161839.647:ERROR:edge_auth_errors.cc(376)] EDGE_IDENTITY: Token fetch failure: account_type: MSA, scope: service::http://Passport.NET/purpose::PURPOSE_GETKEYDATA_ANAHEIM: Error: Primary Error: kTokenRequestFailed, Secondary Error: kTokenFetchUserInteractionRequired, Platform error: -2147023665, hex:800704cf, Error string: Error code: 0x800704cf, error message:Error
Oct 19, 2020 16:18:39.700 
Oct 19, 2020 16:18:42.18 [8648:2676:1019/161842.017:ERROR:edge_auth_errors.cc(376)] EDGE_IDENTITY: Token fetch failure: account_type: MSA, scope: service::http://Passport.NET/purpose::PURPOSE_GETKEYDATA_ANAHEIM: Error: Primary Error: kTokenRequestFailed, Secondary Error: kTokenFetchUserInteractionRequired, Platform error: -2147023665, hex:800704cf, Error string: Error code: 0x800704cf, error message:Error
Oct 19, 2020 16:18:42.29 
Oct 19, 2020 16:18:46.478 [8648:2676:1019/161846.478:ERROR:edge_auth_errors.cc(376)] EDGE_IDENTITY: Token fetch failure: account_type: MSA, scope: service::http://Passport.NET/purpose::PURPOSE_GETKEYDATA_ANAHEIM: Error: Primary Error: kTokenRequestFailed, Secondary Error: kTokenFetchUserInteractionRequired, Platform error: -2147023665, hex:800704cf, Error string: Error code: 0x800704cf, error message:Error
Oct 19, 2020 16:18:46.498 
Oct 19, 2020 16:18:54.668 [8648:2676:1019/161854.667:ERROR:edge_auth_errors.cc(376)] EDGE_IDENTITY: Token fetch failure: account_type: MSA, scope: service::http://Passport.NET/purpose::PURPOSE_GETKEYDATA_ANAHEIM: Error: Primary Error: kTokenRequestFailed, Secondary Error: kTokenFetchUserInteractionRequired, Platform error: -2147023665, hex:800704cf, Error string: Error code: 0x800704cf, error message:Error
Oct 19, 2020 16:18:54.689 
Oct 19, 2020 16:19:10.906 [8648:2676:1019/161910.904:ERROR:edge_auth_errors.cc(376)] EDGE_IDENTITY: Token fetch failure: account_type: MSA, scope: service::http://Passport.NET/purpose::PURPOSE_GETKEYDATA_ANAHEIM: Error: Primary Error: kTokenRequestFailed, Secondary Error: kTokenFetchUserInteractionRequired, Platform error: -2147023665, hex:800704cf, Error string: Error code: 0x800704cf, error message:Error
Oct 19, 2020 16:19:10.926 
Oct 19, 2020 16:19:17.963 [8648:2676:1019/161917.962:ERROR:edge_auth_errors.cc(376)] EDGE_IDENTITY: Token fetch failure: account_type: MSA, scope: service::http://Passport.NET/purpose::PURPOSE_GETKEYDATA_ANAHEIM: Error: Primary Error: kTokenRequestFailed, Secondary Error: kTokenFetchUserInteractionRequired, Platform error: -2147023665, hex:800704cf, Error string: Error code: 0x800704cf, error message:Error
Oct 19, 2020 16:19:18.12 
Oct 19, 2020 16:19:19.639 [8648:2676:1019/161919.638:ERROR:edge_auth_errors.cc(376)] EDGE_IDENTITY: Token fetch failure: account_type: MSA, scope: service::http://Passport.NET/purpose::PURPOSE_GETKEYDATA_ANAHEIM: Error: Primary Error: kTokenRequestFailed, Secondary Error: kTokenFetchUserInteractionRequired, Platform error: -2147023665, hex:800704cf, Error string: Error code: 0x800704cf, error message:Error
Oct 19, 2020 16:19:19.672 
Oct 19, 2020 16:19:22.762 [8648:2676:1019/161922.761:ERROR:edge_auth_errors.cc(376)] EDGE_IDENTITY: Token fetch failure: account_type: MSA, scope: service::http://Passport.NET/purpose::PURPOSE_GETKEYDATA_ANAHEIM: Error: Primary Error: kTokenRequestFailed, Secondary Error: kTokenFetchUserInteractionRequired, Platform error: -2147023665, hex:800704cf, Error string: Error code: 0x800704cf, error message:Error
Oct 19, 2020 16:19:22.782 
Oct 19, 2020 16:19:27.846 [8648:2676:1019/161927.845:ERROR:edge_auth_errors.cc(376)] EDGE_IDENTITY: Token fetch failure: account_type: MSA, scope: service::http://Passport.NET/purpose::PURPOSE_GETKEYDATA_ANAHEIM: Error: Primary Error: kTokenRequestFailed, Secondary Error: kTokenFetchUserInteractionRequired, Platform error: -2147023665, hex:800704cf, Error string: Error code: 0x800704cf, error message:Error
Oct 19, 2020 16:19:27.857 
Oct 19, 2020 16:19:36.640 [8648:2676:1019/161936.640:ERROR:edge_auth_errors.cc(376)] EDGE_IDENTITY: Token fetch failure: account_type: MSA, scope: service::http://Passport.NET/purpose::PURPOSE_GETKEYDATA_ANAHEIM: Error: Primary Error: kTokenRequestFailed, Secondary Error: kTokenFetchUserInteractionRequired, Platform error: -2147023665, hex:800704cf, Error string: Error code: 0x800704cf, error message:Error
Oct 19, 2020 16:19:36.652 
Oct 19, 2020 16:19:52.915 [8648:2676:1019/161952.914:ERROR:edge_auth_errors.cc(376)] EDGE_IDENTITY: Token fetch failure: account_type: MSA, scope: service::http://Passport.NET/purpose::PURPOSE_GETKEYDATA_ANAHEIM: Error: Primary Error: kTokenRequestFailed, Secondary Error: kTokenFetchUserInteractionRequired, Platform error: -2147023665, hex:800704cf, Error string: Error code: 0x800704cf, error message:Error
Oct 19, 2020 16:19:52.952 
Oct 19, 2020 16:20:07.196 [8648:2676:1019/162007.196:ERROR:edge_auth_errors.cc(376)] EDGE_IDENTITY: Token fetch failure: account_type: MSA, scope: service::http://Passport.NET/purpose::PURPOSE_GETKEYDATA_ANAHEIM: Error: Primary Error: kTokenRequestFailed, Secondary Error: kTokenFetchUserInteractionRequired, Platform error: -2147023665, hex:800704cf, Error string: Error code: 0x800704cf, error message:Error
Oct 19, 2020 16:20:07.208 
Oct 19, 2020 16:20:09.03 [8648:2676:1019/162009.001:ERROR:edge_auth_errors.cc(376)] EDGE_IDENTITY: Token fetch failure: account_type: MSA, scope: service::http://Passport.NET/purpose::PURPOSE_GETKEYDATA_ANAHEIM: Error: Primary Error: kTokenRequestFailed, Secondary Error: kTokenFetchUserInteractionRequired, Platform error: -2147023665, hex:800704cf, Error string: Error code: 0x800704cf, error message:Error
Oct 19, 2020 16:20:09.38 
Oct 19, 2020 16:20:11.442 [8648:2676:1019/162011.442:ERROR:edge_auth_errors.cc(376)] EDGE_IDENTITY: Token fetch failure: account_type: MSA, scope: service::http://Passport.NET/purpose::PURPOSE_GETKEYDATA_ANAHEIM: Error: Primary Error: kTokenRequestFailed, Secondary Error: kTokenFetchUserInteractionRequired, Platform error: -2147023665, hex:800704cf, Error string: Error code: 0x800704cf, error message:Error
Oct 19, 2020 16:20:11.471 
Oct 19, 2020 16:20:16.486 [8648:2676:1019/162016.484:ERROR:edge_auth_errors.cc(376)] EDGE_IDENTITY: Token fetch failure: account_type: MSA, scope: service::http://Passport.NET/purpose::PURPOSE_GETKEYDATA_ANAHEIM: Error: Primary Error: kTokenRequestFailed, Secondary Error: kTokenFetchUserInteractionRequired, Platform error: -2147023665, hex:800704cf, Error string: Error code: 0x800704cf, error message:Error
Oct 19, 2020 16:20:16.504 
Oct 19, 2020 16:20:25.384 [8648:2676:1019/162025.384:ERROR:edge_auth_errors.cc(376)] EDGE_IDENTITY: Token fetch failure: account_type: MSA, scope: service::http://Passport.NET/purpose::PURPOSE_GETKEYDATA_ANAHEIM: Error: Primary Error: kTokenRequestFailed, Secondary Error: kTokenFetchUserInteractionRequired, Platform error: -2147023665, hex:800704cf, Error string: Error code: 0x800704cf, error message:Error
Oct 19, 2020 16:20:25.395 
Oct 19, 2020 16:20:42.85 [8648:2676:1019/162042.084:ERROR:edge_auth_errors.cc(376)] EDGE_IDENTITY: Token fetch failure: account_type: MSA, scope: service::http://Passport.NET/purpose::PURPOSE_GETKEYDATA_ANAHEIM: Error: Primary Error: kTokenRequestFailed, Secondary Error: kTokenFetchUserInteractionRequired, Platform error: -2147023665, hex:800704cf, Error string: Error code: 0x800704cf, error message:Error
Oct 19, 2020 16:20:42.103 
Oct 19, 2020 16:21:08.181 [8648:2676:1019/162108.180:ERROR:edge_auth_errors.cc(376)] EDGE_IDENTITY: Token fetch failure: account_type: MSA, scope: service::http://Passport.NET/purpose::PURPOSE_GETKEYDATA_ANAHEIM: Error: Primary Error: kTokenRequestFailed, Secondary Error: kTokenFetchUserInteractionRequired, Platform error: -2147023665, hex:800704cf, Error string: Error code: 0x800704cf, error message:Error
Oct 19, 2020 16:21:08.192 
Oct 19, 2020 16:21:10.58 [8648:2676:1019/162110.057:ERROR:edge_auth_errors.cc(376)] EDGE_IDENTITY: Token fetch failure: account_type: MSA, scope: service::http://Passport.NET/purpose::PURPOSE_GETKEYDATA_ANAHEIM: Error: Primary Error: kTokenRequestFailed, Secondary Error: kTokenFetchUserInteractionRequired, Platform error: -2147023665, hex:800704cf, Error string: Error code: 0x800704cf, error message:Error
Oct 19, 2020 16:21:10.69 
Oct 19, 2020 16:21:13.149 [8648:2676:1019/162113.148:ERROR:edge_auth_errors.cc(376)] EDGE_IDENTITY: Token fetch failure: account_type: MSA, scope: service::http://Passport.NET/purpose::PURPOSE_GETKEYDATA_ANAHEIM: Error: Primary Error: kTokenRequestFailed, Secondary Error: kTokenFetchUserInteractionRequired, Platform error: -2147023665, hex:800704cf, Error string: Error code: 0x800704cf, error message:Error
Oct 19, 2020 16:21:13.165 
Oct 19, 2020 16:22:07.977 [8648:2676:1019/162207.977:ERROR:edge_auth_errors.cc(376)] EDGE_IDENTITY: Token fetch failure: account_type: MSA, scope: service::http://Passport.NET/purpose::PURPOSE_GETKEYDATA_ANAHEIM: Error: Primary Error: kTokenRequestFailed, Secondary Error: kTokenFetchUserInteractionRequired, Platform error: -2147023665, hex:800704cf, Error string: Error code: 0x800704cf, error message:Error
Oct 19, 2020 16:22:08.06 
